{
  "uid" : "4b4757e66a1912dae1a509f688f20b0f",
  "children" : [ {
    "name" : "Product defects",
    "children" : [ {
      "name" : "Element should have text '20' {app-inbox-page}\nElement: '<app-inbox-page _nghost-pap-c258 class=\"ion-page can-go-back\">My orders\n1\nENG\nReceived orders\nNew\nCurrent\nArchived\nThere is no orders</app-inbox-page>'\nActual value: My orders\n1\nENG\nReceived orders\nNew\nCurrent\nArchived\nThere is no orders\nScreenshot: file:/home/runner/work/d8base-func-test/d8base-func-test/build/reports/tests/1642999811945.0.png\nPage source: file:/home/runner/work/d8base-func-test/d8base-func-test/build/reports/tests/1642999811945.0.html\nTimeout: 10 s.",
      "children" : [ {
        "name" : "Master side order cancel",
        "uid" : "f89def08f89d186f",
        "parentUid" : "d37fa61d22bc2220a8df6afe764ea9c4",
        "status" : "failed",
        "time" : {
          "start" : 1642999788769,
          "stop" : 1642999812587,
          "duration" : 23818
        },
        "flaky" : true,
        "newFailed" : false,
        "parameters" : [ ]
      } ],
      "uid" : "d37fa61d22bc2220a8df6afe764ea9c4"
    }, {
      "name" : "Element not found {app-outbox/app-professional-card}\nExpected: exist\nScreenshot: file:/home/runner/work/d8base-func-test/d8base-func-test/build/reports/tests/1642999834492.1.png\nPage source: file:/home/runner/work/d8base-func-test/d8base-func-test/build/reports/tests/1642999834492.1.html\nTimeout: 10 s.\nCaused by: NoSuchElementException: no such element: Unable to locate element: {\"method\":\"css selector\",\"selector\":\"app-professional-card\"}",
      "children" : [ {
        "name" : "Post and check review with 10 words",
        "uid" : "52b550dce2beeb76",
        "parentUid" : "d2768e9de839ea470982d16fbeb99cb1",
        "status" : "failed",
        "time" : {
          "start" : 1642999812597,
          "stop" : 1642999835144,
          "duration" : 22547
        },
        "flaky" : false,
        "newFailed" : false,
        "parameters" : [ ]
      } ],
      "uid" : "d2768e9de839ea470982d16fbeb99cb1"
    }, {
      "name" : "Element not found {app-outbox/app-professional-card[1]}\nExpected: exist\nScreenshot: file:/home/runner/work/d8base-func-test/d8base-func-test/build/reports/tests/1642999857659.2.png\nPage source: file:/home/runner/work/d8base-func-test/d8base-func-test/build/reports/tests/1642999857659.2.html\nTimeout: 10 s.\nCaused by: java.lang.IndexOutOfBoundsException: Index 1 out of bounds for length 0",
      "children" : [ {
        "name" : "Post and check review with a lot of characters",
        "uid" : "870ebbfb69513138",
        "parentUid" : "8b250d4a1edfea3ee9856dc21a3f7a58",
        "status" : "failed",
        "time" : {
          "start" : 1642999835147,
          "stop" : 1642999858304,
          "duration" : 23157
        },
        "flaky" : false,
        "newFailed" : false,
        "parameters" : [ ]
      } ],
      "uid" : "8b250d4a1edfea3ee9856dc21a3f7a58"
    }, {
      "name" : "Element not found {app-outbox/app-professional-card[2]}\nExpected: exist\nScreenshot: file:/home/runner/work/d8base-func-test/d8base-func-test/build/reports/tests/1642999880572.3.png\nPage source: file:/home/runner/work/d8base-func-test/d8base-func-test/build/reports/tests/1642999880572.3.html\nTimeout: 10 s.\nCaused by: java.lang.IndexOutOfBoundsException: Index 2 out of bounds for length 0",
      "children" : [ {
        "name" : "Post and check review add to favorites in the process",
        "uid" : "1f3c9507eee1d284",
        "parentUid" : "d55a60a4437099590ec8e5953d163abc",
        "status" : "failed",
        "time" : {
          "start" : 1642999858308,
          "stop" : 1642999881233,
          "duration" : 22925
        },
        "flaky" : false,
        "newFailed" : false,
        "parameters" : [ ]
      } ],
      "uid" : "d55a60a4437099590ec8e5953d163abc"
    }, {
      "name" : "Element not found {app-reviews-list/app-review-card}\nExpected: exist\nScreenshot: file:/home/runner/work/d8base-func-test/d8base-func-test/build/reports/tests/1642999903260.4.png\nPage source: file:/home/runner/work/d8base-func-test/d8base-func-test/build/reports/tests/1642999903260.4.html\nTimeout: 10 s.\nCaused by: NoSuchElementException: no such element: Unable to locate element: {\"method\":\"css selector\",\"selector\":\"app-review-card\"}",
      "children" : [ {
        "name" : "Review answer",
        "uid" : "dfacade9fec193c7",
        "parentUid" : "3183fed5569672f1d7872c3029945b9c",
        "status" : "failed",
        "time" : {
          "start" : 1642999881236,
          "stop" : 1642999904124,
          "duration" : 22888
        },
        "flaky" : false,
        "newFailed" : false,
        "parameters" : [ ]
      } ],
      "uid" : "3183fed5569672f1d7872c3029945b9c"
    }, {
      "name" : "Element not found {app-sent-order-list-item}\nExpected: exist\nScreenshot: file:/home/runner/work/d8base-func-test/d8base-func-test/build/reports/tests/1642999925796.5.png\nPage source: file:/home/runner/work/d8base-func-test/d8base-func-test/build/reports/tests/1642999925796.5.html\nTimeout: 10 s.\nCaused by: NoSuchElementException: no such element: Unable to locate element: {\"method\":\"css selector\",\"selector\":\"app-sent-order-list-item\"}",
      "children" : [ {
        "name" : "Conversation test: step 1 out of 3",
        "uid" : "144b377645aed2d0",
        "parentUid" : "47cac7a915769e21493cfd97c66c7e8e",
        "status" : "failed",
        "time" : {
          "start" : 1642999904132,
          "stop" : 1642999926418,
          "duration" : 22286
        },
        "flaky" : false,
        "newFailed" : false,
        "parameters" : [ ]
      } ],
      "uid" : "47cac7a915769e21493cfd97c66c7e8e"
    }, {
      "name" : "Element should have text 'Goten > Beerus' {app-chat-page/ion-content}\nElement: '<ion-content _ngcontent-ipv-c235 class=\"show-inner-scrollbar md hydrated\">    A new order notification.\n4:47 a.m.</ion-content>'\nActual value:     A new order notification.\n4:47 a.m.\nScreenshot: file:/home/runner/work/d8base-func-test/d8base-func-test/build/reports/tests/1642999947549.6.png\nPage source: file:/home/runner/work/d8base-func-test/d8base-func-test/build/reports/tests/1642999947549.6.html\nTimeout: 10 s.",
      "children" : [ {
        "name" : "Conversation test: step 2 out of 3",
        "uid" : "a05d276e42c57843",
        "parentUid" : "d3279d22fde8c7a70f45d17abbe91d06",
        "status" : "failed",
        "time" : {
          "start" : 1642999926421,
          "stop" : 1642999948175,
          "duration" : 21754
        },
        "flaky" : false,
        "newFailed" : false,
        "parameters" : [ ]
      } ],
      "uid" : "d3279d22fde8c7a70f45d17abbe91d06"
    }, {
      "name" : "Element not found {app-chats-list-page/ion-list/ion-item}\nExpected: visible or transparent: visible or have css value opacity=0\nScreenshot: file:/home/runner/work/d8base-func-test/d8base-func-test/build/reports/tests/1642999969458.7.png\nPage source: file:/home/runner/work/d8base-func-test/d8base-func-test/build/reports/tests/1642999969458.7.html\nTimeout: 10 s.\nCaused by: NoSuchElementException: no such element: Unable to locate element: {\"method\":\"css selector\",\"selector\":\"ion-item\"}",
      "children" : [ {
        "name" : "Conversation test: step 3 out of 3",
        "uid" : "c9dadd012ebe003a",
        "parentUid" : "ef7e94c2c51cdd46c4531ac41de15fbd",
        "status" : "failed",
        "time" : {
          "start" : 1642999948180,
          "stop" : 1642999970108,
          "duration" : 21928
        },
        "flaky" : false,
        "newFailed" : false,
        "parameters" : [ ]
      } ],
      "uid" : "ef7e94c2c51cdd46c4531ac41de15fbd"
    }, {
      "name" : "Element should have text 'ShanonElfreda SchulistOndricka' {app-bookmarks-list-page/main}\nElement: '<main _ngcontent-trh-c110 class=\"main\">Favorites\nThere is no favorites</main>'\nActual value: Favorites\nThere is no favorites\nScreenshot: file:/home/runner/work/d8base-func-test/d8base-func-test/build/reports/tests/1642999991760.8.png\nPage source: file:/home/runner/work/d8base-func-test/d8base-func-test/build/reports/tests/1642999991760.8.html\nTimeout: 10 s.",
      "children" : [ {
        "name" : "Remove master from favorites",
        "uid" : "95aed464df2f8900",
        "parentUid" : "f88bbf31840bdb3d110dab3c4316a814",
        "status" : "failed",
        "time" : {
          "start" : 1642999970120,
          "stop" : 1642999992402,
          "duration" : 22282
        },
        "flaky" : false,
        "newFailed" : false,
        "parameters" : [ ]
      } ],
      "uid" : "f88bbf31840bdb3d110dab3c4316a814"
    }, {
      "name" : "Element should have text 'Russia, Moscow, Shosse Entuziastov, 3к1' {app-professional-page/app-location-viewer}\nElement: '<app-location-viewer _ngcontent-qjf-c249 _nghost-qjf-c109 displayed:false></app-location-viewer>'\nActual value: \nScreenshot: file:/home/runner/work/d8base-func-test/d8base-func-test/build/reports/tests/1643000225073.9.png\nPage source: file:/home/runner/work/d8base-func-test/d8base-func-test/build/reports/tests/1643000225073.9.html\nTimeout: 10 s.",
      "children" : [ {
        "name" : "Professional profile: info verification",
        "uid" : "96bca8cf9ad405f7",
        "parentUid" : "bd7ebe6fdcf134d65255ef740852ea6f",
        "status" : "failed",
        "time" : {
          "start" : 1643000191166,
          "stop" : 1643000225727,
          "duration" : 34561
        },
        "flaky" : false,
        "newFailed" : false,
        "parameters" : [ ]
      } ],
      "uid" : "bd7ebe6fdcf134d65255ef740852ea6f"
    }, {
      "name" : "Element not found {app-professional-page}\nExpected: visible\nScreenshot: file:/home/runner/work/d8base-func-test/d8base-func-test/build/reports/tests/1643000253173.10.png\nPage source: file:/home/runner/work/d8base-func-test/d8base-func-test/build/reports/tests/1643000253173.10.html\nTimeout: 10 s.\nCaused by: NoSuchElementException: no such element: Unable to locate element: {\"method\":\"css selector\",\"selector\":\"app-professional-page\"}",
      "children" : [ {
        "name" : "Professional profile: functionality verification",
        "uid" : "28d2217371637d27",
        "parentUid" : "af1894ea5cba5934298217599e2f8a54",
        "status" : "failed",
        "time" : {
          "start" : 1643000225739,
          "stop" : 1643000253814,
          "duration" : 28075
        },
        "flaky" : false,
        "newFailed" : false,
        "parameters" : [ ]
      } ],
      "uid" : "af1894ea5cba5934298217599e2f8a54"
    }, {
      "name" : "Element should have text 'Zoolab' {app-professional-page/app-collapse-item[3]/ion-item app-certificate/ion-label.title}\nElement: '<ion-label _ngcontent-iei-c261 class=\"pb8 title sc-ion-label-md-h sc-ion-label-md-s md hydrated\">Future Directives Associate</ion-label>'\nActual value: Future Directives Associate\nScreenshot: file:/home/runner/work/d8base-func-test/d8base-func-test/build/reports/tests/1643000404599.11.png\nPage source: file:/home/runner/work/d8base-func-test/d8base-func-test/build/reports/tests/1643000404599.11.html\nTimeout: 10 s.",
      "children" : [ {
        "name" : "Professional profile: certificates - change all the info and verify",
        "uid" : "a8cbe5a6ecf0a234",
        "parentUid" : "7a54346e423d457d58cf2a922db6eeb5",
        "status" : "failed",
        "time" : {
          "start" : 1643000361285,
          "stop" : 1643000405298,
          "duration" : 44013
        },
        "flaky" : false,
        "newFailed" : false,
        "parameters" : [ ]
      } ],
      "uid" : "7a54346e423d457d58cf2a922db6eeb5"
    }, {
      "name" : "Element not found {app-professional-page}\nExpected: visible\nScreenshot: file:/home/runner/work/d8base-func-test/d8base-func-test/build/reports/tests/1643000460516.12.png\nPage source: file:/home/runner/work/d8base-func-test/d8base-func-test/build/reports/tests/1643000460516.12.html\nTimeout: 10 s.\nCaused by: NoSuchElementException: no such element: Unable to locate element: {\"method\":\"css selector\",\"selector\":\"app-professional-page\"}",
      "children" : [ {
        "name" : "Professional profile: full test",
        "uid" : "1a87599f56cb39ab",
        "parentUid" : "07704e192151e20b8c60891791f8bcbc",
        "status" : "failed",
        "time" : {
          "start" : 1643000405301,
          "stop" : 1643000461194,
          "duration" : 55893
        },
        "flaky" : false,
        "newFailed" : false,
        "parameters" : [ ]
      } ],
      "uid" : "07704e192151e20b8c60891791f8bcbc"
    }, {
      "name" : "Element should not be visible {app-service-publish-final-step}\nElement: '<app-service-publish-final-step _nghost-gyv-c229 class=\"ion-page can-go-back\">My orders\nENG\nClient's place\nRussia, Moscow, 91180 Vincenzo Tunnel, Yostland, WV 75041-3956\nPayment Options\nCash\nOnline payment\nInstant Book\nOrdering of this service will be approved automatically\nBack\nPublish\nBy clicking the \"Publish\" button, you confirm your acceptance of the d8base Terms of Use, , and Privacy Policy.\nAbout\nFor professionals\nEnd user license agreement\nSupport: support@d8base.com\nPrivacy policy\n© 2021-2022 d8base | All rights reserved</app-service-publish-final-step>'\nActual value: visible:true\nScreenshot: file:/home/runner/work/d8base-func-test/d8base-func-test/build/reports/tests/1643000548766.13.png\nPage source: file:/home/runner/work/d8base-func-test/d8base-func-test/build/reports/tests/1643000548766.13.html\nTimeout: 10 s.",
      "children" : [ {
        "name" : "Service publish: city is selectable - client's place",
        "uid" : "95da4da5a57c2132",
        "parentUid" : "87626efaf580d4ee09dedd56547b3872",
        "status" : "failed",
        "time" : {
          "start" : 1643000504038,
          "stop" : 1643000549481,
          "duration" : 45443
        },
        "flaky" : true,
        "newFailed" : true,
        "parameters" : [ ]
      } ],
      "uid" : "87626efaf580d4ee09dedd56547b3872"
    }, {
      "name" : "Element not found {app-sent-order-page/section}\nExpected: text 'Forward Implementation Assistant (2s7t3ntog9)'\nScreenshot: file:/home/runner/work/d8base-func-test/d8base-func-test/build/reports/tests/1643001150233.14.png\nPage source: file:/home/runner/work/d8base-func-test/d8base-func-test/build/reports/tests/1643001150233.14.html\nTimeout: 10 s.\nCaused by: NoSuchElementException: no such element: Unable to locate element: {\"method\":\"css selector\",\"selector\":\"section\"}",
      "children" : [ {
        "name" : "Booking: a service for another person",
        "uid" : "736c5586116cb69b",
        "parentUid" : "60061325d01f14a6768a7d12d8226901",
        "status" : "failed",
        "time" : {
          "start" : 1643001075103,
          "stop" : 1643001150976,
          "duration" : 75873
        },
        "flaky" : true,
        "newFailed" : false,
        "parameters" : [ ]
      } ],
      "uid" : "60061325d01f14a6768a7d12d8226901"
    }, {
      "name" : "Element not found {ionic-selectable-modal/ion-label}\nExpected: visible or transparent: visible or have css value opacity=0\nScreenshot: file:/home/runner/work/d8base-func-test/d8base-func-test/build/reports/tests/1643001750168.15.png\nPage source: file:/home/runner/work/d8base-func-test/d8base-func-test/build/reports/tests/1643001750168.15.html\nTimeout: 10 s.\nCaused by: NoSuchElementException: no such element: Unable to locate element: {\"method\":\"css selector\",\"selector\":\"ion-label\"}",
      "children" : [ {
        "name" : "Profile: address - change info and verify",
        "uid" : "f1051e4400f533f6",
        "parentUid" : "7b2081980f34163a8831dc970bcd9764",
        "status" : "failed",
        "time" : {
          "start" : 1643001715589,
          "stop" : 1643001750861,
          "duration" : 35272
        },
        "flaky" : false,
        "newFailed" : false,
        "parameters" : [ ]
      } ],
      "uid" : "7b2081980f34163a8831dc970bcd9764"
    }, {
      "name" : "Element should have text '1953-11-16' {app-profile main}\nElement: '<main _ngcontent-amt-c110 class=\"main\">NovaNew WisozkNew\nPhone\n+79644169735\nEmail\njayme.nienow@error.officiag\nEmail NOT confirmed\nContacts\n9644169735\nAdd new contact\nYour address\nMain address\nRussia, Moscow\nAdd new address\nAbout\nBirth date\n1953-12-11\nСountry of birth\nIceland\nLanguages:\nArabic\nIrish</main>'\nActual value: NovaNew WisozkNew\nPhone\n+79644169735\nEmail\njayme.nienow@error.officiag\nEmail NOT confirmed\nContacts\n9644169735\nAdd new contact\nYour address\nMain address\nRussia, Moscow\nAdd new address\nAbout\nBirth date\n1953-12-11\nСountry of birth\nIceland\nLanguages:\nArabic\nIrish\nScreenshot: file:/home/runner/work/d8base-func-test/d8base-func-test/build/reports/tests/1643001792347.16.png\nPage source: file:/home/runner/work/d8base-func-test/d8base-func-test/build/reports/tests/1643001792347.16.html\nTimeout: 10 s.",
      "children" : [ {
        "name" : "Profile: about - change info and verify",
        "uid" : "1f985d886399b366",
        "parentUid" : "84e1e3fe307d9fb70a77cebb45a38163",
        "status" : "failed",
        "time" : {
          "start" : 1643001750871,
          "stop" : 1643001793004,
          "duration" : 42133
        },
        "flaky" : false,
        "newFailed" : false,
        "parameters" : [ ]
      } ],
      "uid" : "84e1e3fe307d9fb70a77cebb45a38163"
    } ],
    "uid" : "8fb3a91ba5aaf9de24cc8a92edc82b5d"
  }, {
    "name" : "Test defects",
    "children" : [ {
      "name" : "\nNo X11 DISPLAY variable was set, but this program performed an operation which requires it.",
      "children" : [ {
        "name" : "Share order to other person",
        "uid" : "99430017d3c8ee2c",
        "parentUid" : "5446a20c28c65bdf4f04a51b835d16d9",
        "status" : "broken",
        "time" : {
          "start" : 1643000462050,
          "stop" : 1643000496172,
          "duration" : 34122
        },
        "flaky" : false,
        "newFailed" : false,
        "parameters" : [ ]
      } ],
      "uid" : "5446a20c28c65bdf4f04a51b835d16d9"
    } ],
    "uid" : "bdbf199525818fae7a8651db9eafe741"
  } ],
  "name" : "categories"
}